INFO:  latexindent.pl version 3.20.1, 2023-01-07, a script to indent .tex files
       latexindent.pl lives here: C:/Users/yubo/AppData/Roaming/MiKTeX/scripts/latexindent/
       Sun Feb 19 21:15:12 2023
       Filename: c:/Users/yubo/Documents/projects/algorithms/notes/basic/greedy/__latexindent_temp_main.tex
INFO:  Processing switches:
       -y|--yaml: YAML settings specified via command line
       -c|--cruft: cruft directory
INFO:  Directory for backup files and c:/Users/yubo/Documents/projects/algorithms/notes/basic/math//indent.log:
       c:/Users/yubo/Documents/projects/algorithms/notes/basic/math/
INFO:  Perl modules are being loaded from the following directories:
       C:/Users/yubo/scoop/apps/perl/current/perl/lib/FindBin.pm
       C:/Users/yubo/scoop/apps/perl/current/perl/vendor/lib/YAML/Tiny.pm
       C:/Users/yubo/scoop/apps/perl/current/perl/lib/File/Copy.pm
       C:/Users/yubo/scoop/apps/perl/current/perl/lib/File/Basename.pm
       C:/Users/yubo/scoop/apps/perl/current/perl/lib/Getopt/Long.pm
       C:/Users/yubo/scoop/apps/perl/current/perl/vendor/lib/File/HomeDir.pm
INFO:  LatexIndent perl modules are being loaded from, for example:
       C:/Users/yubo/AppData/Roaming/MiKTeX/scripts/latexindent/LatexIndent/Document.pm
INFO:  YAML settings read: defaultSettings.yaml
       Reading defaultSettings.yaml from C:/Users/yubo/AppData/Roaming/MiKTeX/scripts/latexindent/defaultSettings.yaml
INFO:  YAML reading settings
       Home directory is C:\Users\yubo
       latexindent.pl didn't find indentconfig.yaml or .indentconfig.yaml
       see all possible locations: https://latexindentpl.readthedocs.io/en/latest/sec-appendices.html#indentconfig-options)
INFO:  YAML settings read: -y switch
       YAML setting: defaultIndent:'    '
       single-quoted string found in -y switch: '    ', substitute to     
       Updating mainSettings with defaultIndent:     
INFO:  Phase 1: searching for objects
INFO:  Phase 2: finding surrounding indentation
INFO:  Phase 3: indenting objects
INFO:  Phase 4: final indentation check
INFO:  Output routine:
       Not outputting to file; see -w and -o switches for more options.
       --------------
INFO:  Please direct all communication/issues to:
        https://github.com/cmhughes/latexindent.pl
